<?xml version="1.0" encoding="utf-8"?><testsuites name="pytest tests"><testsuite name="pytest" errors="0" failures="0" skipped="0" tests="34" time="32.367" timestamp="2026-09-13T00:07:49.358347+00:00" hostname="agent-env-01ed1d79-4550-458e-bc4d-76a8e36b90ac"><testcase classname="tests.test_medipassport_backend" name="test_health" time="0.333" /><testcase classname="tests.test_medipassport_backend" name="test_owner_login_cookies" time="0.393" /><testcase classname="tests.test_medipassport_backend" name="test_auth_me_owner" time="0.467" /><testcase classname="tests.test_medipassport_backend" name="test_register_duplicate" time="0.603" /><testcase classname="tests.test_medipassport_backend" name="test_register_short_password" time="0.152" /><testcase classname="tests.test_medipassport_backend" name="test_register_seeds_self_profile" time="0.093" /><testcase classname="tests.test_medipassport_backend" name="test_login_lockout_429" time="2.583" /><testcase classname="tests.test_medipassport_backend" name="test_refresh_mints_new_access" time="0.459" /><testcase classname="tests.test_medipassport_backend" name="test_logout_revokes" time="0.591" /><testcase classname="tests.test_medipassport_backend" name="test_list_profiles_seeded" time="0.075" /><testcase classname="tests.test_medipassport_backend" name="test_create_update_delete_dependent" time="0.227" /><testcase classname="tests.test_medipassport_backend" name="test_cannot_delete_self" time="0.073" /><testcase classname="tests.test_medipassport_backend" name="test_update_health" time="0.154" /><testcase classname="tests.test_medipassport_backend" name="test_upload_record_png" time="0.282" /><testcase classname="tests.test_medipassport_backend" name="test_upload_invalid_category" time="0.076" /><testcase classname="tests.test_medipassport_backend" name="test_upload_unsupported_mime" time="0.073" /><testcase classname="tests.test_medipassport_backend" name="test_upload_oversize" time="1.245" /><testcase classname="tests.test_medipassport_backend" name="test_list_records_filters" time="0.155" /><testcase classname="tests.test_medipassport_backend" name="test_download_record" time="0.238" /><testcase classname="tests.test_medipassport_backend" name="test_delete_record_soft" time="0.387" /><testcase classname="tests.test_medipassport_backend" name="test_share_flow_with_pin" time="1.454" /><testcase classname="tests.test_medipassport_backend" name="test_share_invalid_record_ids" time="0.074" /><testcase classname="tests.test_medipassport_backend" name="test_share_revoke_returns_410" time="0.260" /><testcase classname="tests.test_medipassport_backend" name="test_sessions_list_current" time="0.076" /><testcase classname="tests.test_medipassport_backend" name="test_revoke_all_others_then_delete_one" time="0.533" /><testcase classname="tests.test_medipassport_backend" name="test_audit_trail" time="0.075" /><testcase classname="tests.test_medipassport_backend" name="test_export_zip" time="0.265" /><testcase classname="tests.test_medipassport_backend" name="test_ai_chat_multiturn_history_clear" time="10.771" /><testcase classname="tests.test_medipassport_backend" name="test_ai_summarize" time="4.660" /><testcase classname="tests.test_medipassport_backend" name="test_vitals_crud" time="0.372" /><testcase classname="tests.test_medipassport_backend" name="test_solana_status" time="0.279" /><testcase classname="tests.test_medipassport_backend" name="test_solana_anchor_record" time="0.523" /><testcase classname="tests.test_medipassport_backend" name="test_emergency_token_flow" time="0.564" /><testcase classname="tests.test_medipassport_backend" name="test_2fa_full_flow" time="3.206" /></testsuite></testsuites>